1	: 0	:1.10607
2	: 0	:0.33483
Average_Running_Children_of_ParentID= 0	 is 0.72045
1066	: 1	:5.8236
1067	: 1	:3.44881
1068	: 1	:2.04314
1442	: 1	:5.52555
613	: 1	:1.8127
641	: 1	:1.5098
738	: 1	:0.965246
742	: 1	:0.855407
771	: 1	:0.776552
772	: 1	:0.964544
773	: 1	:1.10256
774	: 1	:1.75078
775	: 1	:0.862279
776	: 1	:0.849249
777	: 1	:0.695208
781	: 1	:1.37823
798	: 1	:0.202564
805	: 1	:1.47827
809	: 1	:2.85104
822	: 1	:4.62922
835	: 1	:2.55532
838	: 1	:0.914162
841	: 1	:0.898737
Average_Running_Children_of_ParentID= 1	 is 1.90839
10	: 2	:0.0419715
11	: 2	:0.190971
12	: 2	:0.352218
13	: 2	:0.178597
139	: 2	:0.0145
140	: 2	:0.0195
141	: 2	:0.0625
142	: 2	:0.0305
143	: 2	:0.015
144	: 2	:0.0155
145	: 2	:0.014
15	: 2	:0.108955
16	: 2	:0.013511
17	: 2	:0.0660525
18	: 2	:0.009007
19	: 2	:0.0809394
20	: 2	:0.85662
21	: 2	:0.023519
22	: 2	:0.01251
23	: 2	:0.0430345
24	: 2	:0.081565
25	: 2	:1.01961
26	: 2	:0.0090075
27	: 2	:0.0085065
28	: 2	:0.007506
29	: 2	:0.009906
30	: 2	:0.0045035
31	: 2	:0.007506
3	: 2	:0.236688
32	: 2	:0.018014
3287	: 2	:0.33515
3311	: 2	:0.562526
33	: 2	:0.0740585
3478	: 2	:1.83823
3480	: 2	:0.3165
3485	: 2	:0.994615
35	: 2	:0.120434
39	: 2	:0.123833
404	: 2	:0.026
406	: 2	:0.245682
407	: 2	:0.0295
408	: 2	:0.02195
409	: 2	:0.017
410	: 2	:0.02045
411	: 2	:0.0295
412	: 2	:0.02375
413	: 2	:0.0225
414	: 2	:0.00928571
415	: 2	:0.028
416	: 2	:0.0149524
417	: 2	:0.0245
4	: 2	:0.036529
483	: 2	:0.02
492	: 2	:0.0145
523	: 2	:0.745226
524	: 2	:0.0175
6	: 2	:0.0288563
678	: 2	:0.092
706	: 2	:0.119
707	: 2	:0.0425
710	: 2	:0.02
711	: 2	:0.019
712	: 2	:0.011
713	: 2	:0.008
714	: 2	:0.0065
715	: 2	:0.0065
716	: 2	:0.0273333
717	: 2	:0.0095
718	: 2	:0.288526
753	: 2	:0.019
754	: 2	:0.0225
756	: 2	:0.0595
8	: 2	:0.0175145
9	: 2	:0.114926
Average_Running_Children_of_ParentID= 2	 is 0.137521
744	: 742	:0.566645
Average_Running_Children_of_ParentID= 742	 is 0.566645
802	: 774	:1.27547
806	: 774	:1.04252
Average_Running_Children_of_ParentID= 774	 is 1.15899
791	: 776	:0.53
Average_Running_Children_of_ParentID= 776	 is 0.53
1453	: 1068	:3.5312
Average_Running_Children_of_ParentID= 1068	 is 3.5312
1446	: 1442	:1.613
Average_Running_Children_of_ParentID= 1442	 is 1.613
3501	: 1453	:9.177
3502	: 1453	:9.177
Average_Running_Children_of_ParentID= 1453	 is 9.177
3503	: 3501	:1.29702
3504	: 3501	:6.67125
Average_Running_Children_of_ParentID= 3501	 is 3.98413
