1	: 0	:0.888398
2	: 0	:0.21531
1308	: 1	:5.43953
571	: 1	:1.53675
597	: 1	:1.43236
702	: 1	:0.904567
704	: 1	:0.821368
733	: 1	:0.835895
736	: 1	:0.813657
737	: 1	:0.808502
738	: 1	:0.780603
739	: 1	:0.768836
740	: 1	:0.756305
742	: 1	:0.654301
749	: 1	:1.03158
750	: 1	:0.767861
771	: 1	:1.52527
773	: 1	:2.18285
787	: 1	:0.552066
797	: 1	:0.883975
800	: 1	:1.31645
920	: 1	:1.54121
922	: 1	:1.43204
925	: 1	:0.841287
10	: 2	:0.0219903
11	: 2	:0.122003
12	: 2	:0.0150783
126	: 2	:0.015
127	: 2	:0.0130005
128	: 2	:0.300869
129	: 2	:0.0223333
130	: 2	:0.0153333
131	: 2	:0.0145
13	: 2	:0.177403
132	: 2	:0.0145005
15	: 2	:0.0957603
16	: 2	:0.0164995
17	: 2	:0.0971127
18	: 2	:1.05086
19	: 2	:0.022999
20	: 2	:0.00634967
21	: 2	:0.0454975
22	: 2	:0.060997
23	: 2	:0.771274
24	: 2	:0.0065
25	: 2	:0.0065
26	: 2	:0.0124995
27	: 2	:0.0154995
28	: 2	:0.0065
29	: 2	:0.0104995
30	: 2	:0.102995
3	: 2	:0.227463
351	: 2	:0.0215
35	: 2	:0.237988
357	: 2	:0.28248
358	: 2	:0.0185
359	: 2	:0.0109049
361	: 2	:0.0210005
362	: 2	:0.136668
363	: 2	:0.0190005
364	: 2	:0.00857148
365	: 2	:0.0235
366	: 2	:0.00871433
367	: 2	:0.0265005
369	: 2	:0.0102858
370	: 2	:0.017
374	: 2	:0.105429
375	: 2	:0.0770523
383	: 2	:0.0683597
4	: 2	:0.0094995
437	: 2	:0.0133333
447	: 2	:0.00666667
480	: 2	:0.90995
481	: 2	:0.0145
6	: 2	:0.170144
6279	: 2	:0.913117
630	: 2	:0.03
640	: 2	:0.0165005
665	: 2	:0.321729
666	: 2	:0.134668
670	: 2	:0.0285
672	: 2	:0.0164995
674	: 2	:0.0124995
675	: 2	:0.0135
676	: 2	:0.0315003
677	: 2	:0.0215005
678	: 2	:0.0125
679	: 2	:0.0303337
680	: 2	:0.116761
709	: 2	:0.0245005
710	: 2	:0.0225
712	: 2	:0.0165
7540	: 2	:0.663924
7890	: 2	:0.449834
8	: 2	:0.0470003
9	: 2	:0.0196243
767	: 736	:0.968921
770	: 736	:0.932694
759	: 750	:0.464753
1319	: 922	:3.18754
1313	: 1308	:1.00651
7910	: 1319	:8.31792
7911	: 1319	:8.31792
7912	: 7910	:1.06035
7913	: 7910	:7.80405
